2022-01-02 12:49:55,951 | INFO | Iteration: 1 downloadedApps: 1 appsWithPush: 1 withCapillary: 0 withXmpp: 0
2022-01-02 12:50:04,798 | INFO | Iteration: 2 downloadedApps: 2 appsWithPush: 2 withCapillary: 0 withXmpp: 0
2022-01-02 12:50:12,660 | INFO | Iteration: 3 downloadedApps: 3 appsWithPush: 3 withCapillary: 0 withXmpp: 0
2022-01-02 12:50:20,553 | INFO | Iteration: 4 downloadedApps: 4 appsWithPush: 4 withCapillary: 0 withXmpp: 0
2022-01-02 12:50:36,868 | INFO | com.xiaomi.hm.health has xmpp
2022-01-02 12:50:36,952 | INFO | Iteration: 5 downloadedApps: 5 appsWithPush: 5 withCapillary: 0 withXmpp: 1
2022-01-02 12:50:41,679 | INFO | Iteration: 6 downloadedApps: 6 appsWithPush: 6 withCapillary: 0 withXmpp: 1
2022-01-02 12:50:43,479 | INFO | Iteration: 7 downloadedApps: 7 appsWithPush: 7 withCapillary: 0 withXmpp: 1
2022-01-02 12:51:02,790 | INFO | com.sec.android.app.shealth has capillary
2022-01-02 12:51:03,199 | INFO | Iteration: 8 downloadedApps: 8 appsWithPush: 8 withCapillary: 1 withXmpp: 1
2022-01-02 12:51:08,400 | INFO | Iteration: 9 downloadedApps: 9 appsWithPush: 9 withCapillary: 1 withXmpp: 1
2022-01-02 12:51:16,888 | INFO | com.runtastic.android has capillary
2022-01-02 12:51:17,121 | INFO | Iteration: 10 downloadedApps: 10 appsWithPush: 10 withCapillary: 2 withXmpp: 1
2022-01-02 12:51:20,816 | INFO | Iteration: 11 downloadedApps: 11 appsWithPush: 11 withCapillary: 2 withXmpp: 1
2022-01-02 12:51:41,960 | INFO | Iteration: 12 downloadedApps: 12 appsWithPush: 12 withCapillary: 2 withXmpp: 1
2022-01-02 12:51:59,417 | INFO | Iteration: 13 downloadedApps: 13 appsWithPush: 13 withCapillary: 2 withXmpp: 1
2022-01-02 12:52:03,612 | INFO | Iteration: 14 downloadedApps: 14 appsWithPush: 14 withCapillary: 2 withXmpp: 1
2022-01-02 12:52:13,264 | INFO | Iteration: 15 downloadedApps: 15 appsWithPush: 15 withCapillary: 2 withXmpp: 1
2022-01-02 12:52:17,254 | INFO | my.gov.onegovappstore.mysejahtera has xmpp
2022-01-02 12:52:17,271 | INFO | Iteration: 16 downloadedApps: 16 appsWithPush: 16 withCapillary: 2 withXmpp: 2
2022-01-02 12:52:23,393 | INFO | Iteration: 17 downloadedApps: 17 appsWithPush: 17 withCapillary: 2 withXmpp: 2
2022-01-02 12:52:29,840 | INFO | Iteration: 18 downloadedApps: 18 appsWithPush: 18 withCapillary: 2 withXmpp: 2
2022-01-02 12:52:38,769 | INFO | Iteration: 19 downloadedApps: 19 appsWithPush: 19 withCapillary: 2 withXmpp: 2
2022-01-02 12:52:44,402 | INFO | Iteration: 20 downloadedApps: 20 appsWithPush: 20 withCapillary: 2 withXmpp: 2
2022-01-02 12:52:47,413 | INFO | Iteration: 21 downloadedApps: 21 appsWithPush: 21 withCapillary: 2 withXmpp: 2
2022-01-02 12:53:01,531 | INFO | com.huawei.health has xmpp
2022-01-02 12:53:01,645 | INFO | Iteration: 22 downloadedApps: 22 appsWithPush: 22 withCapillary: 2 withXmpp: 3
2022-01-02 12:53:05,899 | INFO | Iteration: 23 downloadedApps: 23 appsWithPush: 23 withCapillary: 2 withXmpp: 3
2022-01-02 12:53:11,113 | INFO | Iteration: 24 downloadedApps: 24 appsWithPush: 24 withCapillary: 2 withXmpp: 3
2022-01-02 12:53:32,270 | INFO | Iteration: 25 downloadedApps: 25 appsWithPush: 25 withCapillary: 2 withXmpp: 3
2022-01-02 12:53:42,910 | INFO | Iteration: 26 downloadedApps: 26 appsWithPush: 26 withCapillary: 2 withXmpp: 3
2022-01-02 12:53:48,587 | INFO | Iteration: 27 downloadedApps: 27 appsWithPush: 27 withCapillary: 2 withXmpp: 3
2022-01-02 12:53:58,958 | INFO | com.weightwatchers.mobile has xmpp
2022-01-02 12:53:59,043 | INFO | Iteration: 28 downloadedApps: 28 appsWithPush: 28 withCapillary: 2 withXmpp: 4
2022-01-02 12:54:03,914 | INFO | Iteration: 29 downloadedApps: 29 appsWithPush: 29 withCapillary: 2 withXmpp: 4
2022-01-02 12:54:10,918 | INFO | com.google.android.apps.fitness has capillary
2022-01-02 12:54:11,087 | INFO | Iteration: 30 downloadedApps: 30 appsWithPush: 30 withCapillary: 3 withXmpp: 4
2022-01-02 12:54:19,832 | INFO | Iteration: 31 downloadedApps: 31 appsWithPush: 31 withCapillary: 3 withXmpp: 4
2022-01-02 12:54:25,073 | INFO | Iteration: 32 downloadedApps: 32 appsWithPush: 32 withCapillary: 3 withXmpp: 4
2022-01-02 12:54:35,593 | INFO | Iteration: 33 downloadedApps: 33 appsWithPush: 33 withCapillary: 3 withXmpp: 4
2022-01-02 12:54:41,514 | INFO | com.fatsecret.android has capillary
2022-01-02 12:54:41,610 | INFO | Iteration: 34 downloadedApps: 34 appsWithPush: 34 withCapillary: 4 withXmpp: 4
2022-01-02 12:54:45,816 | INFO | Iteration: 35 downloadedApps: 35 appsWithPush: 35 withCapillary: 4 withXmpp: 4
2022-01-02 12:54:52,290 | INFO | Iteration: 36 downloadedApps: 36 appsWithPush: 36 withCapillary: 4 withXmpp: 4
2022-01-02 12:54:56,874 | INFO | Iteration: 37 downloadedApps: 37 appsWithPush: 37 withCapillary: 4 withXmpp: 4
2022-01-02 12:54:59,689 | INFO | com.urbandroid.lux has xmpp
2022-01-02 12:54:59,709 | INFO | Iteration: 38 downloadedApps: 38 appsWithPush: 38 withCapillary: 4 withXmpp: 5
2022-01-02 12:55:02,745 | INFO | Iteration: 39 downloadedApps: 39 appsWithPush: 39 withCapillary: 4 withXmpp: 5
2022-01-02 12:55:07,315 | INFO | Iteration: 40 downloadedApps: 40 appsWithPush: 39 withCapillary: 4 withXmpp: 5
2022-01-02 12:55:18,430 | INFO | Iteration: 41 downloadedApps: 41 appsWithPush: 40 withCapillary: 4 withXmpp: 5
2022-01-02 12:55:40,668 | INFO | Iteration: 42 downloadedApps: 42 appsWithPush: 41 withCapillary: 4 withXmpp: 5
2022-01-02 12:55:44,764 | INFO | Iteration: 43 downloadedApps: 43 appsWithPush: 42 withCapillary: 4 withXmpp: 5
2022-01-02 12:56:54,960 | INFO | in.sweatco.app has xmpp
2022-01-02 12:56:55,015 | INFO | Iteration: 44 downloadedApps: 44 appsWithPush: 43 withCapillary: 4 withXmpp: 6
2022-01-02 12:57:00,420 | INFO | Iteration: 45 downloadedApps: 45 appsWithPush: 44 withCapillary: 4 withXmpp: 6
2022-01-02 12:57:01,126 | ERROR | Failed to download com.minsaludpba.vacunatePBA
2022-01-02 12:57:08,727 | INFO | Iteration: 47 downloadedApps: 46 appsWithPush: 45 withCapillary: 4 withXmpp: 6
2022-01-02 12:57:14,733 | INFO | Iteration: 48 downloadedApps: 47 appsWithPush: 46 withCapillary: 4 withXmpp: 6
2022-01-02 12:57:21,347 | INFO | Iteration: 49 downloadedApps: 48 appsWithPush: 47 withCapillary: 4 withXmpp: 6
2022-01-02 12:57:24,884 | INFO | Iteration: 50 downloadedApps: 49 appsWithPush: 48 withCapillary: 4 withXmpp: 6
2022-01-02 12:57:28,404 | INFO | Iteration: 51 downloadedApps: 50 appsWithPush: 49 withCapillary: 4 withXmpp: 6
2022-01-02 12:57:32,912 | INFO | Iteration: 52 downloadedApps: 51 appsWithPush: 50 withCapillary: 4 withXmpp: 6
2022-01-02 12:57:39,610 | INFO | com.mic.bluezone has xmpp
2022-01-02 12:57:39,653 | INFO | Iteration: 53 downloadedApps: 52 appsWithPush: 51 withCapillary: 4 withXmpp: 7
2022-01-02 12:57:55,258 | INFO | Iteration: 54 downloadedApps: 53 appsWithPush: 52 withCapillary: 4 withXmpp: 7
2022-01-02 12:58:07,143 | INFO | Iteration: 55 downloadedApps: 54 appsWithPush: 53 withCapillary: 4 withXmpp: 7
2022-01-02 12:58:22,052 | INFO | Iteration: 56 downloadedApps: 55 appsWithPush: 54 withCapillary: 4 withXmpp: 7
2022-01-02 12:58:34,268 | INFO | Iteration: 57 downloadedApps: 56 appsWithPush: 55 withCapillary: 4 withXmpp: 7
2022-01-02 12:58:38,212 | INFO | fr.cnamts.it.activity has capillary
2022-01-02 12:58:38,280 | INFO | Iteration: 58 downloadedApps: 57 appsWithPush: 56 withCapillary: 5 withXmpp: 7
2022-01-02 12:58:45,378 | INFO | Iteration: 59 downloadedApps: 58 appsWithPush: 57 withCapillary: 5 withXmpp: 7
2022-01-02 12:58:53,831 | INFO | Iteration: 60 downloadedApps: 59 appsWithPush: 58 withCapillary: 5 withXmpp: 7
2022-01-02 12:59:07,230 | INFO | Iteration: 61 downloadedApps: 60 appsWithPush: 59 withCapillary: 5 withXmpp: 7
2022-01-02 12:59:08,998 | INFO | Iteration: 62 downloadedApps: 61 appsWithPush: 60 withCapillary: 5 withXmpp: 7
2022-01-02 12:59:18,162 | INFO | Iteration: 63 downloadedApps: 62 appsWithPush: 61 withCapillary: 5 withXmpp: 7
2022-01-02 12:59:24,129 | INFO | Iteration: 64 downloadedApps: 63 appsWithPush: 62 withCapillary: 5 withXmpp: 7
2022-01-02 12:59:29,692 | INFO | Iteration: 65 downloadedApps: 64 appsWithPush: 63 withCapillary: 5 withXmpp: 7
2022-01-02 12:59:34,712 | INFO | Iteration: 66 downloadedApps: 65 appsWithPush: 64 withCapillary: 5 withXmpp: 7
2022-01-02 12:59:39,236 | INFO | Iteration: 67 downloadedApps: 66 appsWithPush: 65 withCapillary: 5 withXmpp: 7
2022-01-02 12:59:39,814 | ERROR | Failed to download tr.gov.saglik.hayatevesigar
2022-01-02 12:59:47,714 | INFO | Iteration: 69 downloadedApps: 67 appsWithPush: 66 withCapillary: 5 withXmpp: 7
2022-01-02 12:59:53,021 | INFO | Iteration: 70 downloadedApps: 68 appsWithPush: 67 withCapillary: 5 withXmpp: 7
2022-01-02 12:59:55,784 | INFO | Iteration: 71 downloadedApps: 69 appsWithPush: 68 withCapillary: 5 withXmpp: 7
2022-01-02 13:00:09,023 | INFO | Iteration: 72 downloadedApps: 70 appsWithPush: 69 withCapillary: 5 withXmpp: 7
2022-01-02 13:00:17,711 | INFO | com.runtastic.android.results.lite has capillary
2022-01-02 13:00:17,916 | INFO | Iteration: 73 downloadedApps: 71 appsWithPush: 70 withCapillary: 6 withXmpp: 7
2022-01-02 13:00:23,211 | INFO | Iteration: 74 downloadedApps: 72 appsWithPush: 71 withCapillary: 6 withXmpp: 7
2022-01-02 13:00:25,820 | INFO | Iteration: 75 downloadedApps: 73 appsWithPush: 72 withCapillary: 6 withXmpp: 7
2022-01-02 13:00:30,526 | INFO | Iteration: 76 downloadedApps: 74 appsWithPush: 73 withCapillary: 6 withXmpp: 7
2022-01-02 13:00:42,413 | INFO | Iteration: 77 downloadedApps: 75 appsWithPush: 74 withCapillary: 6 withXmpp: 7
2022-01-02 13:00:47,978 | INFO | Iteration: 78 downloadedApps: 76 appsWithPush: 75 withCapillary: 6 withXmpp: 7
2022-01-02 13:01:00,520 | INFO | Iteration: 79 downloadedApps: 77 appsWithPush: 76 withCapillary: 6 withXmpp: 7
2022-01-02 13:01:03,405 | INFO | Iteration: 80 downloadedApps: 78 appsWithPush: 77 withCapillary: 6 withXmpp: 7
2022-01-02 13:01:04,067 | ERROR | Failed to download com.pepkit.ssg
2022-01-02 13:01:11,537 | INFO | Iteration: 82 downloadedApps: 79 appsWithPush: 78 withCapillary: 6 withXmpp: 7
2022-01-02 13:01:22,440 | INFO | Iteration: 83 downloadedApps: 80 appsWithPush: 79 withCapillary: 6 withXmpp: 7
2022-01-02 13:01:25,521 | INFO | Iteration: 84 downloadedApps: 81 appsWithPush: 80 withCapillary: 6 withXmpp: 7
2022-01-02 13:01:26,137 | ERROR | Failed to download com.periodapp.period
2022-01-02 13:01:28,855 | INFO | Iteration: 86 downloadedApps: 82 appsWithPush: 81 withCapillary: 6 withXmpp: 7
2022-01-02 13:01:38,069 | INFO | Iteration: 87 downloadedApps: 83 appsWithPush: 82 withCapillary: 6 withXmpp: 7
2022-01-02 13:01:40,317 | INFO | Iteration: 88 downloadedApps: 84 appsWithPush: 83 withCapillary: 6 withXmpp: 7
2022-01-02 13:01:47,578 | INFO | Iteration: 89 downloadedApps: 85 appsWithPush: 84 withCapillary: 6 withXmpp: 7
2022-01-02 13:01:52,521 | INFO | Iteration: 90 downloadedApps: 86 appsWithPush: 84 withCapillary: 6 withXmpp: 7
2022-01-02 13:02:05,865 | INFO | Iteration: 91 downloadedApps: 87 appsWithPush: 85 withCapillary: 6 withXmpp: 7
2022-01-02 13:02:09,712 | INFO | Iteration: 92 downloadedApps: 88 appsWithPush: 86 withCapillary: 6 withXmpp: 7
2022-01-02 13:02:12,596 | INFO | Iteration: 93 downloadedApps: 89 appsWithPush: 87 withCapillary: 6 withXmpp: 7
2022-01-02 13:02:13,225 | ERROR | Failed to download st.android.imsspublico
2022-01-02 13:02:18,765 | INFO | Iteration: 95 downloadedApps: 90 appsWithPush: 88 withCapillary: 6 withXmpp: 7
2022-01-02 13:02:22,013 | INFO | Iteration: 96 downloadedApps: 91 appsWithPush: 89 withCapillary: 6 withXmpp: 7
2022-01-02 13:02:57,075 | INFO | Iteration: 97 downloadedApps: 92 appsWithPush: 90 withCapillary: 6 withXmpp: 7
2022-01-02 13:03:03,579 | INFO | com.bodyfast has xmpp
2022-01-02 13:03:03,619 | INFO | Iteration: 98 downloadedApps: 93 appsWithPush: 91 withCapillary: 6 withXmpp: 8
2022-01-02 13:03:07,146 | INFO | Iteration: 99 downloadedApps: 94 appsWithPush: 92 withCapillary: 6 withXmpp: 8
2022-01-02 13:03:10,439 | INFO | Iteration: 100 downloadedApps: 95 appsWithPush: 93 withCapillary: 6 withXmpp: 8
2022-01-02 13:03:18,195 | INFO | Iteration: 101 downloadedApps: 96 appsWithPush: 94 withCapillary: 6 withXmpp: 8
2022-01-02 13:03:18,914 | ERROR | Failed to download com.joinzoe.covid_zoe
2022-01-02 13:03:38,905 | INFO | Iteration: 103 downloadedApps: 97 appsWithPush: 95 withCapillary: 6 withXmpp: 8
2022-01-02 13:03:42,762 | INFO | Iteration: 104 downloadedApps: 98 appsWithPush: 95 withCapillary: 6 withXmpp: 8
2022-01-02 13:03:51,187 | INFO | Iteration: 105 downloadedApps: 99 appsWithPush: 96 withCapillary: 6 withXmpp: 8
2022-01-02 13:04:04,657 | INFO | Iteration: 106 downloadedApps: 100 appsWithPush: 97 withCapillary: 6 withXmpp: 8
2022-01-02 13:04:11,034 | INFO | Iteration: 107 downloadedApps: 101 appsWithPush: 98 withCapillary: 6 withXmpp: 8
2022-01-02 13:04:15,499 | INFO | Iteration: 108 downloadedApps: 102 appsWithPush: 99 withCapillary: 6 withXmpp: 8
2022-01-02 13:04:20,289 | INFO | Iteration: 109 downloadedApps: 103 appsWithPush: 100 withCapillary: 6 withXmpp: 8
2022-01-02 13:04:29,484 | INFO | Iteration: 110 downloadedApps: 104 appsWithPush: 101 withCapillary: 6 withXmpp: 8
2022-01-02 13:04:39,939 | INFO | com.dailyyoga.inc has xmpp
2022-01-02 13:04:40,007 | INFO | Iteration: 111 downloadedApps: 105 appsWithPush: 102 withCapillary: 6 withXmpp: 9
2022-01-02 13:04:44,124 | INFO | Iteration: 112 downloadedApps: 106 appsWithPush: 103 withCapillary: 6 withXmpp: 9
2022-01-02 13:04:55,868 | INFO | moh.gov.sa.mawid has xmpp
2022-01-02 13:04:55,932 | INFO | Iteration: 113 downloadedApps: 107 appsWithPush: 104 withCapillary: 6 withXmpp: 10
2022-01-02 13:05:10,063 | INFO | Iteration: 114 downloadedApps: 108 appsWithPush: 105 withCapillary: 6 withXmpp: 10
2022-01-02 13:05:10,710 | ERROR | Failed to download com.nbt.moves
2022-01-02 13:05:13,686 | INFO | Iteration: 116 downloadedApps: 109 appsWithPush: 106 withCapillary: 6 withXmpp: 10
2022-01-02 13:05:47,174 | INFO | Iteration: 117 downloadedApps: 110 appsWithPush: 107 withCapillary: 6 withXmpp: 10
2022-01-02 13:06:07,796 | INFO | com.xiaomi.wearable has xmpp
2022-01-02 13:06:07,894 | INFO | Iteration: 118 downloadedApps: 111 appsWithPush: 108 withCapillary: 6 withXmpp: 11
2022-01-02 13:06:14,625 | INFO | relax.sleep.relaxation.sleepingsounds has xmpp
2022-01-02 13:06:14,664 | INFO | Iteration: 119 downloadedApps: 112 appsWithPush: 109 withCapillary: 6 withXmpp: 12
2022-01-02 13:06:15,259 | ERROR | Failed to download com.runtastic.android.sleepbetter.lite
2022-01-02 13:06:21,217 | INFO | Iteration: 121 downloadedApps: 113 appsWithPush: 110 withCapillary: 6 withXmpp: 12
2022-01-02 13:06:32,607 | INFO | Iteration: 122 downloadedApps: 114 appsWithPush: 111 withCapillary: 6 withXmpp: 12
2022-01-02 13:06:39,929 | INFO | Iteration: 123 downloadedApps: 115 appsWithPush: 112 withCapillary: 6 withXmpp: 12
2022-01-02 13:06:42,461 | INFO | Iteration: 124 downloadedApps: 116 appsWithPush: 113 withCapillary: 6 withXmpp: 12
2022-01-02 13:06:50,912 | INFO | Iteration: 125 downloadedApps: 117 appsWithPush: 114 withCapillary: 6 withXmpp: 12
2022-01-02 13:06:53,267 | INFO | Iteration: 126 downloadedApps: 118 appsWithPush: 115 withCapillary: 6 withXmpp: 12
2022-01-02 13:06:59,807 | INFO | Iteration: 127 downloadedApps: 119 appsWithPush: 116 withCapillary: 6 withXmpp: 12
2022-01-02 13:07:07,813 | INFO | Iteration: 128 downloadedApps: 120 appsWithPush: 117 withCapillary: 6 withXmpp: 12
2022-01-02 13:07:21,689 | INFO | Iteration: 129 downloadedApps: 121 appsWithPush: 117 withCapillary: 6 withXmpp: 12
2022-01-02 13:07:28,580 | INFO | Iteration: 130 downloadedApps: 122 appsWithPush: 118 withCapillary: 6 withXmpp: 12
2022-01-02 13:07:37,854 | INFO | com.withings.wiscale2 has capillary
2022-01-02 13:07:38,008 | INFO | com.withings.wiscale2 has xmpp
2022-01-02 13:07:38,049 | INFO | Iteration: 131 downloadedApps: 123 appsWithPush: 119 withCapillary: 7 withXmpp: 13
2022-01-02 13:07:42,185 | INFO | Iteration: 132 downloadedApps: 124 appsWithPush: 120 withCapillary: 7 withXmpp: 13
2022-01-02 13:07:46,102 | INFO | Iteration: 133 downloadedApps: 125 appsWithPush: 121 withCapillary: 7 withXmpp: 13
2022-01-02 13:07:51,471 | INFO | Iteration: 134 downloadedApps: 126 appsWithPush: 122 withCapillary: 7 withXmpp: 13
2022-01-02 13:07:54,931 | INFO | Iteration: 135 downloadedApps: 127 appsWithPush: 123 withCapillary: 7 withXmpp: 13
2022-01-02 13:07:59,520 | INFO | Iteration: 136 downloadedApps: 128 appsWithPush: 124 withCapillary: 7 withXmpp: 13
2022-01-02 13:08:07,298 | INFO | Iteration: 137 downloadedApps: 129 appsWithPush: 125 withCapillary: 7 withXmpp: 13
2022-01-02 13:08:14,077 | INFO | Iteration: 138 downloadedApps: 130 appsWithPush: 126 withCapillary: 7 withXmpp: 13
2022-01-02 13:08:18,444 | INFO | Iteration: 139 downloadedApps: 131 appsWithPush: 127 withCapillary: 7 withXmpp: 13
2022-01-02 13:08:19,080 | ERROR | Failed to download fit.cure.android
2022-01-02 13:08:23,098 | INFO | Iteration: 141 downloadedApps: 132 appsWithPush: 128 withCapillary: 7 withXmpp: 13
2022-01-02 13:08:25,616 | INFO | Iteration: 142 downloadedApps: 133 appsWithPush: 129 withCapillary: 7 withXmpp: 13
2022-01-02 13:08:29,824 | INFO | Iteration: 143 downloadedApps: 134 appsWithPush: 130 withCapillary: 7 withXmpp: 13
2022-01-02 13:08:34,626 | INFO | Iteration: 144 downloadedApps: 135 appsWithPush: 131 withCapillary: 7 withXmpp: 13
2022-01-02 13:08:41,641 | INFO | Iteration: 145 downloadedApps: 136 appsWithPush: 132 withCapillary: 7 withXmpp: 13
2022-01-02 13:08:48,633 | INFO | Iteration: 146 downloadedApps: 137 appsWithPush: 133 withCapillary: 7 withXmpp: 13
2022-01-02 13:08:50,721 | INFO | Iteration: 147 downloadedApps: 138 appsWithPush: 134 withCapillary: 7 withXmpp: 13
2022-01-02 13:09:00,202 | INFO | br.com.tecnonutri.app has xmpp
2022-01-02 13:09:00,242 | INFO | Iteration: 148 downloadedApps: 139 appsWithPush: 135 withCapillary: 7 withXmpp: 14
2022-01-02 13:09:03,751 | INFO | Iteration: 149 downloadedApps: 140 appsWithPush: 136 withCapillary: 7 withXmpp: 14
2022-01-02 13:09:11,037 | INFO | Iteration: 150 downloadedApps: 141 appsWithPush: 137 withCapillary: 7 withXmpp: 14
2022-01-02 13:09:20,666 | INFO | com.yanaapp has xmpp
2022-01-02 13:09:20,719 | INFO | Iteration: 151 downloadedApps: 142 appsWithPush: 138 withCapillary: 7 withXmpp: 15
2022-01-02 13:09:24,708 | INFO | Iteration: 152 downloadedApps: 143 appsWithPush: 139 withCapillary: 7 withXmpp: 15
2022-01-02 13:09:27,135 | INFO | Iteration: 153 downloadedApps: 144 appsWithPush: 140 withCapillary: 7 withXmpp: 15
2022-01-02 13:09:36,311 | INFO | Iteration: 154 downloadedApps: 145 appsWithPush: 141 withCapillary: 7 withXmpp: 15
2022-01-02 13:09:40,027 | INFO | Iteration: 155 downloadedApps: 146 appsWithPush: 142 withCapillary: 7 withXmpp: 15
2022-01-02 13:09:45,528 | INFO | Iteration: 156 downloadedApps: 147 appsWithPush: 143 withCapillary: 7 withXmpp: 15
2022-01-02 13:09:55,599 | INFO | Iteration: 157 downloadedApps: 148 appsWithPush: 144 withCapillary: 7 withXmpp: 15
2022-01-02 13:10:00,200 | INFO | Iteration: 158 downloadedApps: 149 appsWithPush: 145 withCapillary: 7 withXmpp: 15
2022-01-02 13:10:03,939 | INFO | Iteration: 159 downloadedApps: 150 appsWithPush: 146 withCapillary: 7 withXmpp: 15
2022-01-02 13:10:13,691 | INFO | Iteration: 160 downloadedApps: 151 appsWithPush: 147 withCapillary: 7 withXmpp: 15
2022-01-02 13:10:18,278 | INFO | Iteration: 161 downloadedApps: 152 appsWithPush: 147 withCapillary: 7 withXmpp: 15
2022-01-02 13:10:33,258 | INFO | Iteration: 162 downloadedApps: 153 appsWithPush: 148 withCapillary: 7 withXmpp: 15
2022-01-02 13:10:36,279 | INFO | Iteration: 163 downloadedApps: 154 appsWithPush: 149 withCapillary: 7 withXmpp: 15
2022-01-02 13:10:38,916 | INFO | Iteration: 164 downloadedApps: 155 appsWithPush: 150 withCapillary: 7 withXmpp: 15
2022-01-02 13:10:41,751 | INFO | Iteration: 165 downloadedApps: 156 appsWithPush: 151 withCapillary: 7 withXmpp: 15
2022-01-02 13:10:44,757 | INFO | Iteration: 166 downloadedApps: 157 appsWithPush: 152 withCapillary: 7 withXmpp: 15
2022-01-02 13:10:52,174 | INFO | Iteration: 167 downloadedApps: 158 appsWithPush: 153 withCapillary: 7 withXmpp: 15
2022-01-02 13:10:56,341 | INFO | Iteration: 168 downloadedApps: 159 appsWithPush: 154 withCapillary: 7 withXmpp: 15
2022-01-02 13:11:00,061 | INFO | Iteration: 169 downloadedApps: 160 appsWithPush: 155 withCapillary: 7 withXmpp: 15
2022-01-02 13:11:08,806 | INFO | de.tk.tkapp has xmpp
2022-01-02 13:11:08,875 | INFO | Iteration: 170 downloadedApps: 161 appsWithPush: 156 withCapillary: 7 withXmpp: 16
2022-01-02 13:11:16,181 | INFO | Iteration: 171 downloadedApps: 162 appsWithPush: 157 withCapillary: 7 withXmpp: 16
2022-01-02 13:11:20,470 | INFO | Iteration: 172 downloadedApps: 163 appsWithPush: 158 withCapillary: 7 withXmpp: 16
2022-01-02 13:11:32,528 | INFO | io.yuka.android has xmpp
2022-01-02 13:11:32,590 | INFO | Iteration: 173 downloadedApps: 164 appsWithPush: 159 withCapillary: 7 withXmpp: 17
2022-01-02 13:11:41,165 | INFO | Iteration: 174 downloadedApps: 165 appsWithPush: 160 withCapillary: 7 withXmpp: 17
2022-01-02 13:11:44,928 | INFO | Iteration: 175 downloadedApps: 166 appsWithPush: 161 withCapillary: 7 withXmpp: 17
2022-01-02 13:11:47,342 | INFO | Iteration: 176 downloadedApps: 167 appsWithPush: 162 withCapillary: 7 withXmpp: 17
2022-01-02 13:11:51,620 | INFO | Iteration: 177 downloadedApps: 168 appsWithPush: 163 withCapillary: 7 withXmpp: 17
2022-01-02 13:11:55,091 | INFO | Iteration: 178 downloadedApps: 169 appsWithPush: 164 withCapillary: 7 withXmpp: 17
2022-01-02 13:12:25,591 | INFO | Iteration: 179 downloadedApps: 170 appsWithPush: 165 withCapillary: 7 withXmpp: 17
2022-01-02 13:12:28,752 | INFO | Iteration: 180 downloadedApps: 171 appsWithPush: 166 withCapillary: 7 withXmpp: 17
2022-01-02 13:12:32,993 | INFO | Iteration: 181 downloadedApps: 172 appsWithPush: 167 withCapillary: 7 withXmpp: 17
2022-01-02 13:12:42,302 | INFO | Iteration: 182 downloadedApps: 173 appsWithPush: 168 withCapillary: 7 withXmpp: 17
2022-01-02 13:12:46,121 | INFO | Iteration: 183 downloadedApps: 174 appsWithPush: 169 withCapillary: 7 withXmpp: 17
2022-01-02 13:12:52,494 | INFO | Iteration: 184 downloadedApps: 175 appsWithPush: 170 withCapillary: 7 withXmpp: 17
2022-01-02 13:12:56,620 | INFO | Iteration: 185 downloadedApps: 176 appsWithPush: 171 withCapillary: 7 withXmpp: 17
2022-01-02 13:13:13,453 | INFO | Iteration: 186 downloadedApps: 177 appsWithPush: 172 withCapillary: 7 withXmpp: 17
2022-01-02 13:13:18,714 | INFO | Iteration: 187 downloadedApps: 178 appsWithPush: 173 withCapillary: 7 withXmpp: 17
2022-01-02 13:13:25,441 | INFO | digifit.virtuagym.client.android has xmpp
2022-01-02 13:13:25,474 | INFO | Iteration: 188 downloadedApps: 179 appsWithPush: 174 withCapillary: 7 withXmpp: 18
2022-01-02 13:13:34,015 | INFO | Iteration: 189 downloadedApps: 180 appsWithPush: 175 withCapillary: 7 withXmpp: 18
2022-01-02 13:13:34,622 | ERROR | Failed to download com.ecw.healow
2022-01-02 13:13:45,432 | INFO | Iteration: 191 downloadedApps: 181 appsWithPush: 176 withCapillary: 7 withXmpp: 18
2022-01-02 13:13:53,850 | INFO | Iteration: 192 downloadedApps: 182 appsWithPush: 177 withCapillary: 7 withXmpp: 18
2022-01-02 13:14:00,978 | INFO | Iteration: 193 downloadedApps: 183 appsWithPush: 178 withCapillary: 7 withXmpp: 18
2022-01-02 13:14:07,219 | INFO | Iteration: 194 downloadedApps: 184 appsWithPush: 179 withCapillary: 7 withXmpp: 18
2022-01-02 13:14:12,443 | INFO | Iteration: 195 downloadedApps: 185 appsWithPush: 180 withCapillary: 7 withXmpp: 18
2022-01-02 13:14:17,927 | INFO | Iteration: 196 downloadedApps: 186 appsWithPush: 181 withCapillary: 7 withXmpp: 18
2022-01-02 13:14:29,874 | INFO | Iteration: 197 downloadedApps: 187 appsWithPush: 182 withCapillary: 7 withXmpp: 18
2022-01-02 13:14:37,654 | INFO | Iteration: 198 downloadedApps: 188 appsWithPush: 183 withCapillary: 7 withXmpp: 18
2022-01-02 13:14:40,660 | INFO | Iteration: 199 downloadedApps: 189 appsWithPush: 184 withCapillary: 7 withXmpp: 18
2022-01-02 13:14:49,935 | INFO | Iteration: 200 downloadedApps: 190 appsWithPush: 185 withCapillary: 7 withXmpp: 18
2022-01-02 13:14:52,637 | INFO | Iteration: 201 downloadedApps: 191 appsWithPush: 186 withCapillary: 7 withXmpp: 18
2022-01-02 13:14:53,222 | ERROR | Failed to download kr.co.apptube.hitai2
2022-01-02 13:15:04,816 | INFO | Iteration: 203 downloadedApps: 192 appsWithPush: 187 withCapillary: 7 withXmpp: 18
2022-01-02 13:15:08,085 | INFO | Iteration: 204 downloadedApps: 193 appsWithPush: 188 withCapillary: 7 withXmpp: 18
2022-01-02 13:15:11,368 | INFO | Iteration: 205 downloadedApps: 194 appsWithPush: 189 withCapillary: 7 withXmpp: 18
2022-01-02 13:15:17,802 | INFO | Iteration: 206 downloadedApps: 195 appsWithPush: 190 withCapillary: 7 withXmpp: 18
2022-01-02 13:15:27,338 | INFO | Iteration: 207 downloadedApps: 196 appsWithPush: 191 withCapillary: 7 withXmpp: 18
2022-01-02 13:15:40,424 | INFO | Iteration: 208 downloadedApps: 197 appsWithPush: 191 withCapillary: 7 withXmpp: 18
2022-01-02 13:15:47,956 | INFO | Iteration: 209 downloadedApps: 198 appsWithPush: 192 withCapillary: 7 withXmpp: 18
2022-01-02 13:15:56,599 | INFO | Iteration: 210 downloadedApps: 199 appsWithPush: 193 withCapillary: 7 withXmpp: 18
2022-01-02 13:16:02,926 | INFO | Iteration: 211 downloadedApps: 200 appsWithPush: 194 withCapillary: 7 withXmpp: 18
2022-01-02 13:16:08,730 | INFO | Iteration: 212 downloadedApps: 201 appsWithPush: 195 withCapillary: 7 withXmpp: 18
2022-01-02 13:16:17,235 | INFO | Iteration: 213 downloadedApps: 202 appsWithPush: 196 withCapillary: 7 withXmpp: 18
2022-01-02 13:16:24,221 | INFO | io.funswitch.blocker has xmpp
2022-01-02 13:16:24,512 | INFO | Iteration: 214 downloadedApps: 203 appsWithPush: 197 withCapillary: 7 withXmpp: 19
2022-01-02 13:16:30,805 | INFO | Iteration: 215 downloadedApps: 204 appsWithPush: 198 withCapillary: 7 withXmpp: 19
2022-01-02 13:16:39,996 | INFO | Iteration: 216 downloadedApps: 205 appsWithPush: 199 withCapillary: 7 withXmpp: 19
2022-01-02 13:16:42,441 | INFO | Iteration: 217 downloadedApps: 206 appsWithPush: 200 withCapillary: 7 withXmpp: 19
2022-01-02 13:16:46,233 | INFO | Iteration: 218 downloadedApps: 207 appsWithPush: 201 withCapillary: 7 withXmpp: 19
2022-01-02 13:16:49,027 | INFO | Iteration: 219 downloadedApps: 208 appsWithPush: 202 withCapillary: 7 withXmpp: 19
2022-01-02 13:16:53,470 | INFO | Iteration: 220 downloadedApps: 209 appsWithPush: 203 withCapillary: 7 withXmpp: 19
2022-01-02 13:16:55,855 | INFO | Iteration: 221 downloadedApps: 210 appsWithPush: 204 withCapillary: 7 withXmpp: 19
2022-01-02 13:17:25,447 | INFO | Iteration: 222 downloadedApps: 211 appsWithPush: 205 withCapillary: 7 withXmpp: 19
2022-01-02 13:17:34,347 | INFO | Iteration: 223 downloadedApps: 212 appsWithPush: 206 withCapillary: 7 withXmpp: 19
2022-01-02 13:17:43,600 | INFO | Iteration: 224 downloadedApps: 213 appsWithPush: 207 withCapillary: 7 withXmpp: 19
2022-01-02 13:17:47,652 | INFO | Iteration: 225 downloadedApps: 214 appsWithPush: 208 withCapillary: 7 withXmpp: 19
2022-01-02 13:18:03,148 | INFO | Iteration: 226 downloadedApps: 215 appsWithPush: 209 withCapillary: 7 withXmpp: 19
2022-01-02 13:18:14,102 | INFO | Iteration: 227 downloadedApps: 216 appsWithPush: 210 withCapillary: 7 withXmpp: 19
2022-01-02 13:18:32,418 | INFO | Iteration: 228 downloadedApps: 217 appsWithPush: 211 withCapillary: 7 withXmpp: 19
2022-01-02 13:18:37,369 | INFO | Iteration: 229 downloadedApps: 218 appsWithPush: 212 withCapillary: 7 withXmpp: 19
2022-01-02 13:18:47,288 | INFO | com.amikulich.babysleep has xmpp
2022-01-02 13:18:47,312 | INFO | Iteration: 230 downloadedApps: 219 appsWithPush: 213 withCapillary: 7 withXmpp: 20
2022-01-02 13:18:54,433 | INFO | Iteration: 231 downloadedApps: 220 appsWithPush: 214 withCapillary: 7 withXmpp: 20
2022-01-02 13:19:00,520 | INFO | Iteration: 232 downloadedApps: 221 appsWithPush: 215 withCapillary: 7 withXmpp: 20
2022-01-02 13:19:06,619 | INFO | Iteration: 233 downloadedApps: 222 appsWithPush: 216 withCapillary: 7 withXmpp: 20
2022-01-02 13:19:11,676 | INFO | Iteration: 234 downloadedApps: 223 appsWithPush: 217 withCapillary: 7 withXmpp: 20
2022-01-02 13:19:19,384 | INFO | com.healthkart.healthkart has xmpp
2022-01-02 13:19:19,429 | INFO | Iteration: 235 downloadedApps: 224 appsWithPush: 218 withCapillary: 7 withXmpp: 21
2022-01-02 13:19:28,399 | INFO | com.moi.covid19 has xmpp
2022-01-02 13:19:28,459 | INFO | Iteration: 236 downloadedApps: 225 appsWithPush: 219 withCapillary: 7 withXmpp: 22
2022-01-02 13:19:32,913 | INFO | Iteration: 237 downloadedApps: 226 appsWithPush: 219 withCapillary: 7 withXmpp: 22
2022-01-02 13:19:40,168 | INFO | Iteration: 238 downloadedApps: 227 appsWithPush: 220 withCapillary: 7 withXmpp: 22
2022-01-02 13:19:45,298 | INFO | Iteration: 239 downloadedApps: 228 appsWithPush: 221 withCapillary: 7 withXmpp: 22
2022-01-02 13:19:59,886 | INFO | Iteration: 240 downloadedApps: 229 appsWithPush: 222 withCapillary: 7 withXmpp: 22
2022-01-02 13:20:03,544 | INFO | Iteration: 241 downloadedApps: 230 appsWithPush: 223 withCapillary: 7 withXmpp: 22
2022-01-02 13:20:16,093 | INFO | Iteration: 242 downloadedApps: 231 appsWithPush: 224 withCapillary: 7 withXmpp: 22
2022-01-02 13:20:26,952 | INFO | Iteration: 243 downloadedApps: 232 appsWithPush: 225 withCapillary: 7 withXmpp: 22
2022-01-02 13:20:30,263 | INFO | Iteration: 244 downloadedApps: 233 appsWithPush: 226 withCapillary: 7 withXmpp: 22
2022-01-02 13:20:40,098 | INFO | Iteration: 245 downloadedApps: 234 appsWithPush: 227 withCapillary: 7 withXmpp: 22
2022-01-02 13:20:40,687 | ERROR | Failed to download com.rally.wellness
2022-01-02 13:20:44,498 | INFO | Iteration: 247 downloadedApps: 235 appsWithPush: 228 withCapillary: 7 withXmpp: 22
2022-01-02 13:20:47,160 | INFO | Iteration: 248 downloadedApps: 236 appsWithPush: 229 withCapillary: 7 withXmpp: 22
2022-01-02 13:20:49,210 | INFO | Iteration: 249 downloadedApps: 237 appsWithPush: 230 withCapillary: 7 withXmpp: 22
2022-01-02 13:20:51,099 | INFO | Iteration: 250 downloadedApps: 238 appsWithPush: 231 withCapillary: 7 withXmpp: 22
2022-01-02 13:20:55,901 | INFO | com.queimadiariaplay has xmpp
2022-01-02 13:20:55,932 | INFO | Iteration: 251 downloadedApps: 239 appsWithPush: 232 withCapillary: 7 withXmpp: 23
2022-01-02 13:21:00,254 | INFO | Iteration: 252 downloadedApps: 240 appsWithPush: 232 withCapillary: 7 withXmpp: 23
2022-01-02 13:21:04,759 | INFO | Iteration: 253 downloadedApps: 241 appsWithPush: 233 withCapillary: 7 withXmpp: 23
2022-01-02 13:21:27,682 | INFO | Iteration: 254 downloadedApps: 242 appsWithPush: 234 withCapillary: 7 withXmpp: 23
2022-01-02 13:21:37,083 | INFO | Iteration: 255 downloadedApps: 243 appsWithPush: 235 withCapillary: 7 withXmpp: 23
2022-01-02 13:21:37,232 | ERROR | Failed to download com.teknasyon.relaxingsounds
2022-01-02 13:21:49,062 | INFO | Iteration: 257 downloadedApps: 244 appsWithPush: 236 withCapillary: 7 withXmpp: 23
2022-01-02 13:22:05,676 | INFO | Iteration: 258 downloadedApps: 245 appsWithPush: 237 withCapillary: 7 withXmpp: 23
2022-01-02 13:22:09,885 | INFO | Iteration: 259 downloadedApps: 246 appsWithPush: 238 withCapillary: 7 withXmpp: 23
2022-01-02 13:22:34,018 | INFO | Iteration: 260 downloadedApps: 247 appsWithPush: 239 withCapillary: 7 withXmpp: 23
2022-01-02 13:22:38,746 | INFO | Iteration: 261 downloadedApps: 248 appsWithPush: 240 withCapillary: 7 withXmpp: 23
2022-01-02 13:22:42,224 | INFO | Iteration: 262 downloadedApps: 249 appsWithPush: 241 withCapillary: 7 withXmpp: 23
2022-01-02 13:22:52,194 | INFO | br.com.zurg.vitamenu has xmpp
2022-01-02 13:22:52,242 | INFO | Iteration: 263 downloadedApps: 250 appsWithPush: 242 withCapillary: 7 withXmpp: 24
2022-01-02 13:22:53,930 | INFO | Iteration: 264 downloadedApps: 251 appsWithPush: 242 withCapillary: 7 withXmpp: 24
2022-01-02 13:23:15,832 | INFO | Iteration: 265 downloadedApps: 252 appsWithPush: 243 withCapillary: 7 withXmpp: 24
2022-01-02 13:23:18,238 | INFO | Iteration: 266 downloadedApps: 253 appsWithPush: 244 withCapillary: 7 withXmpp: 24
2022-01-02 13:23:31,565 | INFO | Iteration: 267 downloadedApps: 254 appsWithPush: 245 withCapillary: 7 withXmpp: 24
2022-01-02 13:23:37,848 | INFO | br.com.w12.evobeta has xmpp
2022-01-02 13:23:37,888 | INFO | Iteration: 268 downloadedApps: 255 appsWithPush: 246 withCapillary: 7 withXmpp: 25
2022-01-02 13:23:49,581 | INFO | Iteration: 269 downloadedApps: 256 appsWithPush: 247 withCapillary: 7 withXmpp: 25
2022-01-02 13:23:53,922 | INFO | easypedeometer.herzberg.com.stepcounter has xmpp
2022-01-02 13:23:53,941 | INFO | Iteration: 270 downloadedApps: 257 appsWithPush: 248 withCapillary: 7 withXmpp: 26
2022-01-02 13:24:10,572 | INFO | Iteration: 271 downloadedApps: 258 appsWithPush: 249 withCapillary: 7 withXmpp: 26
2022-01-02 13:24:21,187 | INFO | Iteration: 272 downloadedApps: 259 appsWithPush: 250 withCapillary: 7 withXmpp: 26
2022-01-02 13:24:27,113 | INFO | Iteration: 273 downloadedApps: 260 appsWithPush: 251 withCapillary: 7 withXmpp: 26
2022-01-02 13:24:31,737 | INFO | Iteration: 274 downloadedApps: 261 appsWithPush: 252 withCapillary: 7 withXmpp: 26
2022-01-02 13:24:36,549 | INFO | Iteration: 275 downloadedApps: 262 appsWithPush: 253 withCapillary: 7 withXmpp: 26
2022-01-02 13:24:43,529 | INFO | Iteration: 276 downloadedApps: 263 appsWithPush: 254 withCapillary: 7 withXmpp: 26
2022-01-02 13:24:47,963 | INFO | Iteration: 277 downloadedApps: 264 appsWithPush: 255 withCapillary: 7 withXmpp: 26
2022-01-02 13:25:34,378 | INFO | Iteration: 278 downloadedApps: 265 appsWithPush: 256 withCapillary: 7 withXmpp: 26
2022-01-02 13:25:38,368 | INFO | Iteration: 279 downloadedApps: 266 appsWithPush: 257 withCapillary: 7 withXmpp: 26
2022-01-02 13:25:47,425 | INFO | Iteration: 280 downloadedApps: 267 appsWithPush: 258 withCapillary: 7 withXmpp: 26
2022-01-02 13:25:48,061 | ERROR | Failed to download com.phe.couchto5K
2022-01-02 13:25:50,560 | INFO | Iteration: 282 downloadedApps: 268 appsWithPush: 259 withCapillary: 7 withXmpp: 26
2022-01-02 13:26:24,647 | INFO | Iteration: 283 downloadedApps: 269 appsWithPush: 260 withCapillary: 7 withXmpp: 26
2022-01-02 13:26:28,779 | INFO | Iteration: 284 downloadedApps: 270 appsWithPush: 261 withCapillary: 7 withXmpp: 26
2022-01-02 13:26:31,966 | INFO | Iteration: 285 downloadedApps: 271 appsWithPush: 262 withCapillary: 7 withXmpp: 26
2022-01-02 13:26:34,064 | INFO | Iteration: 286 downloadedApps: 272 appsWithPush: 262 withCapillary: 7 withXmpp: 26
2022-01-02 13:26:43,832 | INFO | Iteration: 287 downloadedApps: 273 appsWithPush: 263 withCapillary: 7 withXmpp: 26
2022-01-02 13:26:46,871 | INFO | Iteration: 288 downloadedApps: 274 appsWithPush: 264 withCapillary: 7 withXmpp: 26
2022-01-02 13:26:51,206 | INFO | Iteration: 289 downloadedApps: 275 appsWithPush: 265 withCapillary: 7 withXmpp: 26
2022-01-02 13:27:07,864 | INFO | Iteration: 290 downloadedApps: 276 appsWithPush: 266 withCapillary: 7 withXmpp: 26
2022-01-02 13:27:10,303 | INFO | Iteration: 291 downloadedApps: 277 appsWithPush: 267 withCapillary: 7 withXmpp: 26
2022-01-02 13:27:19,616 | INFO | Iteration: 292 downloadedApps: 278 appsWithPush: 268 withCapillary: 7 withXmpp: 26
2022-01-02 13:27:23,246 | INFO | Iteration: 293 downloadedApps: 279 appsWithPush: 269 withCapillary: 7 withXmpp: 26
2022-01-02 13:27:23,372 | ERROR | Failed to download net.blastapp
2022-01-02 13:27:23,988 | ERROR | Failed to download us.tx.state.hhsc.ytbmobile
2022-01-02 13:27:27,798 | INFO | Iteration: 296 downloadedApps: 280 appsWithPush: 270 withCapillary: 7 withXmpp: 26
2022-01-02 13:27:32,171 | INFO | Iteration: 297 downloadedApps: 281 appsWithPush: 271 withCapillary: 7 withXmpp: 26
2022-01-02 13:27:32,747 | ERROR | Failed to download com.jeanjn.guiadeacademia
2022-01-02 13:27:35,737 | INFO | Iteration: 299 downloadedApps: 282 appsWithPush: 271 withCapillary: 7 withXmpp: 26
2022-01-02 13:27:41,612 | INFO | Iteration: 300 downloadedApps: 283 appsWithPush: 271 withCapillary: 7 withXmpp: 26
2022-01-02 13:27:47,722 | INFO | cirkasssian.nekuru has capillary
2022-01-02 13:27:47,859 | INFO | Iteration: 301 downloadedApps: 284 appsWithPush: 272 withCapillary: 8 withXmpp: 26
2022-01-02 13:27:59,303 | INFO | Iteration: 302 downloadedApps: 285 appsWithPush: 273 withCapillary: 8 withXmpp: 26
2022-01-02 13:27:59,945 | ERROR | Failed to download jp.co.greenhouse.asken
2022-01-02 13:28:08,185 | INFO | Iteration: 304 downloadedApps: 286 appsWithPush: 274 withCapillary: 8 withXmpp: 26
2022-01-02 13:28:26,953 | INFO | net.p4p.butt30day has xmpp
2022-01-02 13:28:26,980 | INFO | Iteration: 305 downloadedApps: 287 appsWithPush: 275 withCapillary: 8 withXmpp: 27
2022-01-02 13:28:27,551 | ERROR | Failed to download co.twenty.stop.spread
2022-01-02 13:28:28,136 | ERROR | Failed to download com.minsvyaz.gosuslugi.stopcorona
2022-01-02 13:28:31,035 | INFO | Iteration: 308 downloadedApps: 288 appsWithPush: 276 withCapillary: 8 withXmpp: 27
2022-01-02 13:28:38,661 | INFO | Iteration: 309 downloadedApps: 289 appsWithPush: 277 withCapillary: 8 withXmpp: 27
2022-01-02 13:28:48,834 | INFO | Iteration: 310 downloadedApps: 290 appsWithPush: 278 withCapillary: 8 withXmpp: 27
2022-01-02 13:28:54,025 | INFO | Iteration: 311 downloadedApps: 291 appsWithPush: 279 withCapillary: 8 withXmpp: 27
2022-01-02 13:29:04,797 | INFO | Iteration: 312 downloadedApps: 292 appsWithPush: 279 withCapillary: 8 withXmpp: 27
2022-01-02 13:29:07,000 | INFO | Iteration: 313 downloadedApps: 293 appsWithPush: 279 withCapillary: 8 withXmpp: 27
2022-01-02 13:29:12,051 | INFO | Iteration: 314 downloadedApps: 294 appsWithPush: 280 withCapillary: 8 withXmpp: 27
2022-01-02 13:29:20,905 | INFO | Iteration: 315 downloadedApps: 295 appsWithPush: 281 withCapillary: 8 withXmpp: 27
2022-01-02 13:29:31,273 | INFO | com.shvagerfm.Butts has xmpp
2022-01-02 13:29:31,317 | INFO | Iteration: 316 downloadedApps: 296 appsWithPush: 282 withCapillary: 8 withXmpp: 28
2022-01-02 13:29:38,580 | INFO | Iteration: 317 downloadedApps: 297 appsWithPush: 283 withCapillary: 8 withXmpp: 28
2022-01-02 13:29:43,720 | INFO | Iteration: 318 downloadedApps: 298 appsWithPush: 284 withCapillary: 8 withXmpp: 28
2022-01-02 13:29:58,329 | INFO | com.mi.AthleanX has capillary
2022-01-02 13:29:58,411 | INFO | com.mi.AthleanX has xmpp
2022-01-02 13:29:58,437 | INFO | Iteration: 319 downloadedApps: 299 appsWithPush: 285 withCapillary: 9 withXmpp: 29
2022-01-02 13:30:12,994 | INFO | Iteration: 320 downloadedApps: 300 appsWithPush: 286 withCapillary: 9 withXmpp: 29
2022-01-02 13:30:17,978 | INFO | Iteration: 321 downloadedApps: 301 appsWithPush: 287 withCapillary: 9 withXmpp: 29
2022-01-02 13:30:19,708 | INFO | Iteration: 322 downloadedApps: 302 appsWithPush: 288 withCapillary: 9 withXmpp: 29
2022-01-02 13:30:24,181 | INFO | Iteration: 323 downloadedApps: 303 appsWithPush: 289 withCapillary: 9 withXmpp: 29
2022-01-02 13:30:30,721 | INFO | Iteration: 324 downloadedApps: 304 appsWithPush: 290 withCapillary: 9 withXmpp: 29
2022-01-02 13:30:31,601 | ERROR | Failed to download com.xogrp.thebump
2022-01-02 13:30:43,715 | INFO | Iteration: 326 downloadedApps: 305 appsWithPush: 291 withCapillary: 9 withXmpp: 29
2022-01-02 13:30:54,550 | INFO | Iteration: 327 downloadedApps: 306 appsWithPush: 292 withCapillary: 9 withXmpp: 29
2022-01-02 13:31:00,034 | INFO | Iteration: 328 downloadedApps: 307 appsWithPush: 293 withCapillary: 9 withXmpp: 29
2022-01-02 13:31:11,024 | INFO | Iteration: 329 downloadedApps: 308 appsWithPush: 294 withCapillary: 9 withXmpp: 29
2022-01-02 13:31:16,237 | INFO | Iteration: 330 downloadedApps: 309 appsWithPush: 295 withCapillary: 9 withXmpp: 29
2022-01-02 13:31:18,953 | INFO | Iteration: 331 downloadedApps: 310 appsWithPush: 296 withCapillary: 9 withXmpp: 29
2022-01-02 13:31:19,079 | ERROR | Failed to download bewet_drin
2022-01-02 13:31:21,145 | INFO | Iteration: 333 downloadedApps: 311 appsWithPush: 297 withCapillary: 9 withXmpp: 29
2022-01-02 13:31:24,807 | INFO | Iteration: 334 downloadedApps: 312 appsWithPush: 298 withCapillary: 9 withXmpp: 29
2022-01-02 13:31:28,771 | INFO | Iteration: 335 downloadedApps: 313 appsWithPush: 299 withCapillary: 9 withXmpp: 29
2022-01-02 13:31:33,475 | INFO | Iteration: 336 downloadedApps: 314 appsWithPush: 300 withCapillary: 9 withXmpp: 29
2022-01-02 13:31:42,026 | INFO | Iteration: 337 downloadedApps: 315 appsWithPush: 301 withCapillary: 9 withXmpp: 29
2022-01-02 13:31:46,848 | INFO | Iteration: 338 downloadedApps: 316 appsWithPush: 302 withCapillary: 9 withXmpp: 29
2022-01-02 13:31:47,439 | ERROR | Failed to download org.kp.m
2022-01-02 13:31:50,428 | INFO | Iteration: 340 downloadedApps: 317 appsWithPush: 303 withCapillary: 9 withXmpp: 29
2022-01-02 13:31:52,810 | INFO | Iteration: 341 downloadedApps: 318 appsWithPush: 304 withCapillary: 9 withXmpp: 29
2022-01-02 13:32:08,817 | INFO | Iteration: 342 downloadedApps: 319 appsWithPush: 305 withCapillary: 9 withXmpp: 29
2022-01-02 13:32:11,228 | INFO | Iteration: 343 downloadedApps: 320 appsWithPush: 306 withCapillary: 9 withXmpp: 29
2022-01-02 13:32:17,272 | INFO | Iteration: 344 downloadedApps: 321 appsWithPush: 307 withCapillary: 9 withXmpp: 29
2022-01-02 13:32:25,190 | INFO | Iteration: 345 downloadedApps: 322 appsWithPush: 308 withCapillary: 9 withXmpp: 29
2022-01-02 13:32:28,255 | INFO | Iteration: 346 downloadedApps: 323 appsWithPush: 309 withCapillary: 9 withXmpp: 29
2022-01-02 13:32:28,876 | ERROR | Failed to download jp.co.recruit.mtl.beslim
2022-01-02 13:32:29,490 | ERROR | Failed to download com.cittacode.paula
2022-01-02 13:32:30,075 | ERROR | Failed to download es.myrealfood.myrealfood
2022-01-02 13:32:38,898 | INFO | Iteration: 350 downloadedApps: 324 appsWithPush: 310 withCapillary: 9 withXmpp: 29
2022-01-02 13:32:54,006 | INFO | Iteration: 351 downloadedApps: 325 appsWithPush: 311 withCapillary: 9 withXmpp: 29
2022-01-02 13:32:59,367 | INFO | Iteration: 352 downloadedApps: 326 appsWithPush: 312 withCapillary: 9 withXmpp: 29
2022-01-02 13:33:09,107 | INFO | Iteration: 353 downloadedApps: 327 appsWithPush: 313 withCapillary: 9 withXmpp: 29
2022-01-02 13:33:11,604 | INFO | com.divinememorygames.pedometer has capillary
2022-01-02 13:33:11,661 | INFO | Iteration: 354 downloadedApps: 328 appsWithPush: 314 withCapillary: 10 withXmpp: 29
2022-01-02 13:33:20,165 | INFO | Iteration: 355 downloadedApps: 329 appsWithPush: 315 withCapillary: 10 withXmpp: 29
2022-01-02 13:33:24,369 | INFO | Iteration: 356 downloadedApps: 330 appsWithPush: 316 withCapillary: 10 withXmpp: 29
2022-01-02 13:33:29,527 | INFO | Iteration: 357 downloadedApps: 331 appsWithPush: 317 withCapillary: 10 withXmpp: 29
2022-01-02 13:33:33,872 | INFO | Iteration: 358 downloadedApps: 332 appsWithPush: 318 withCapillary: 10 withXmpp: 29
2022-01-02 13:33:41,979 | INFO | com.sevencupsoftea.app has xmpp
2022-01-02 13:33:42,014 | INFO | Iteration: 359 downloadedApps: 333 appsWithPush: 319 withCapillary: 10 withXmpp: 30
2022-01-02 13:33:56,981 | INFO | Iteration: 360 downloadedApps: 334 appsWithPush: 320 withCapillary: 10 withXmpp: 30
2022-01-02 13:34:01,490 | INFO | Iteration: 361 downloadedApps: 335 appsWithPush: 321 withCapillary: 10 withXmpp: 30
2022-01-02 13:34:03,468 | INFO | Iteration: 362 downloadedApps: 336 appsWithPush: 322 withCapillary: 10 withXmpp: 30
2022-01-02 13:34:09,345 | INFO | Iteration: 363 downloadedApps: 337 appsWithPush: 323 withCapillary: 10 withXmpp: 30
2022-01-02 13:34:18,208 | INFO | Iteration: 364 downloadedApps: 338 appsWithPush: 324 withCapillary: 10 withXmpp: 30
2022-01-02 13:34:18,805 | ERROR | Failed to download jp.co.mti.android.lunalunalite
2022-01-02 13:34:19,446 | ERROR | Failed to download br.com.dimed.panvel
2022-01-02 13:34:20,043 | ERROR | Failed to download com.beachbody.bod
2022-01-02 13:34:20,630 | ERROR | Failed to download br.com.drogaraia
2022-01-02 13:34:22,422 | INFO | Iteration: 369 downloadedApps: 339 appsWithPush: 325 withCapillary: 10 withXmpp: 30
2022-01-02 13:34:35,542 | INFO | Iteration: 370 downloadedApps: 340 appsWithPush: 326 withCapillary: 10 withXmpp: 30
2022-01-02 13:34:47,091 | INFO | Iteration: 371 downloadedApps: 341 appsWithPush: 327 withCapillary: 10 withXmpp: 30
2022-01-02 13:34:51,495 | INFO | Iteration: 372 downloadedApps: 342 appsWithPush: 328 withCapillary: 10 withXmpp: 30
2022-01-02 13:34:56,590 | INFO | net.android.wzdworks.magicday has xmpp
2022-01-02 13:34:56,614 | INFO | Iteration: 373 downloadedApps: 343 appsWithPush: 329 withCapillary: 10 withXmpp: 31
2022-01-02 13:35:00,290 | INFO | Iteration: 374 downloadedApps: 344 appsWithPush: 330 withCapillary: 10 withXmpp: 31
2022-01-02 13:35:07,437 | INFO | Iteration: 375 downloadedApps: 345 appsWithPush: 331 withCapillary: 10 withXmpp: 31
2022-01-02 13:35:11,892 | INFO | Iteration: 376 downloadedApps: 346 appsWithPush: 332 withCapillary: 10 withXmpp: 31
2022-01-02 13:35:19,957 | INFO | Iteration: 377 downloadedApps: 347 appsWithPush: 333 withCapillary: 10 withXmpp: 31
2022-01-02 13:36:01,113 | INFO | com.shvagerfm.Absworkout has xmpp
2022-01-02 13:36:01,143 | INFO | Iteration: 378 downloadedApps: 348 appsWithPush: 334 withCapillary: 10 withXmpp: 32
2022-01-02 13:36:05,509 | INFO | Iteration: 379 downloadedApps: 349 appsWithPush: 335 withCapillary: 10 withXmpp: 32
2022-01-02 13:36:11,999 | INFO | Iteration: 380 downloadedApps: 350 appsWithPush: 336 withCapillary: 10 withXmpp: 32
2022-01-02 13:36:18,653 | INFO | Iteration: 381 downloadedApps: 351 appsWithPush: 337 withCapillary: 10 withXmpp: 32
2022-01-02 13:36:25,798 | INFO | Iteration: 382 downloadedApps: 352 appsWithPush: 338 withCapillary: 10 withXmpp: 32
2022-01-02 13:36:29,938 | INFO | Iteration: 383 downloadedApps: 353 appsWithPush: 339 withCapillary: 10 withXmpp: 32
2022-01-02 13:36:30,353 | ERROR | Failed to download fitness.workouts.home.workoutspro
2022-01-02 13:36:32,678 | INFO | Iteration: 385 downloadedApps: 354 appsWithPush: 340 withCapillary: 10 withXmpp: 32
2022-01-02 13:36:35,179 | INFO | Iteration: 386 downloadedApps: 355 appsWithPush: 340 withCapillary: 10 withXmpp: 32
2022-01-02 13:36:37,550 | INFO | Iteration: 387 downloadedApps: 356 appsWithPush: 341 withCapillary: 10 withXmpp: 32
2022-01-02 13:36:43,475 | INFO | com.lifeomic.lifefasting has xmpp
2022-01-02 13:36:43,499 | INFO | Iteration: 388 downloadedApps: 357 appsWithPush: 342 withCapillary: 10 withXmpp: 33
2022-01-02 13:37:12,804 | INFO | Iteration: 389 downloadedApps: 358 appsWithPush: 343 withCapillary: 10 withXmpp: 33
2022-01-02 13:37:13,419 | ERROR | Failed to download com.enfa.geniusbaby
2022-01-02 13:37:18,376 | INFO | Iteration: 391 downloadedApps: 359 appsWithPush: 344 withCapillary: 10 withXmpp: 33
2022-01-02 13:37:22,867 | INFO | Iteration: 392 downloadedApps: 360 appsWithPush: 345 withCapillary: 10 withXmpp: 33
2022-01-02 13:37:24,994 | INFO | Iteration: 393 downloadedApps: 361 appsWithPush: 346 withCapillary: 10 withXmpp: 33
2022-01-02 13:37:30,774 | INFO | Iteration: 394 downloadedApps: 362 appsWithPush: 347 withCapillary: 10 withXmpp: 33
2022-01-02 13:37:38,289 | INFO | Iteration: 395 downloadedApps: 363 appsWithPush: 348 withCapillary: 10 withXmpp: 33
2022-01-02 13:37:47,651 | INFO | Iteration: 396 downloadedApps: 364 appsWithPush: 349 withCapillary: 10 withXmpp: 33
2022-01-02 13:38:31,858 | INFO | Iteration: 397 downloadedApps: 365 appsWithPush: 350 withCapillary: 10 withXmpp: 33
2022-01-02 13:38:34,166 | INFO | Iteration: 398 downloadedApps: 366 appsWithPush: 351 withCapillary: 10 withXmpp: 33
2022-01-02 13:38:42,334 | INFO | Iteration: 399 downloadedApps: 367 appsWithPush: 352 withCapillary: 10 withXmpp: 33
2022-01-02 13:38:42,878 | ERROR | Failed to download org.twisevictory.apps
2022-01-02 13:38:46,838 | INFO | Iteration: 401 downloadedApps: 368 appsWithPush: 353 withCapillary: 10 withXmpp: 33
2022-01-02 13:38:56,809 | INFO | Iteration: 402 downloadedApps: 369 appsWithPush: 354 withCapillary: 10 withXmpp: 33
2022-01-02 13:38:57,575 | ERROR | Failed to download appinventor.ai_nels0n0s0ri0.MiRutina
2022-01-02 13:39:07,877 | INFO | Iteration: 404 downloadedApps: 370 appsWithPush: 355 withCapillary: 10 withXmpp: 33
2022-01-02 13:39:10,784 | INFO | Iteration: 405 downloadedApps: 371 appsWithPush: 356 withCapillary: 10 withXmpp: 33
2022-01-02 13:39:30,070 | INFO | Iteration: 406 downloadedApps: 372 appsWithPush: 357 withCapillary: 10 withXmpp: 33
2022-01-02 13:39:40,565 | INFO | Iteration: 407 downloadedApps: 373 appsWithPush: 358 withCapillary: 10 withXmpp: 33
2022-01-02 13:39:46,157 | INFO | com.itmedicus.patientaid has capillary
2022-01-02 13:39:46,297 | INFO | Iteration: 408 downloadedApps: 374 appsWithPush: 359 withCapillary: 11 withXmpp: 33
2022-01-02 13:40:11,970 | INFO | Iteration: 409 downloadedApps: 375 appsWithPush: 360 withCapillary: 11 withXmpp: 33
2022-01-02 13:40:13,347 | INFO | Iteration: 410 downloadedApps: 376 appsWithPush: 360 withCapillary: 11 withXmpp: 33
2022-01-02 13:40:14,050 | ERROR | Failed to download pl.healthyfood
2022-01-02 13:40:21,519 | INFO | Iteration: 412 downloadedApps: 377 appsWithPush: 361 withCapillary: 11 withXmpp: 33
2022-01-02 13:40:24,377 | INFO | Iteration: 413 downloadedApps: 378 appsWithPush: 362 withCapillary: 11 withXmpp: 33
2022-01-02 13:40:31,737 | INFO | Iteration: 414 downloadedApps: 379 appsWithPush: 363 withCapillary: 11 withXmpp: 33
2022-01-02 13:40:40,004 | INFO | Iteration: 415 downloadedApps: 380 appsWithPush: 364 withCapillary: 11 withXmpp: 33
2022-01-02 13:40:43,390 | INFO | Iteration: 416 downloadedApps: 381 appsWithPush: 365 withCapillary: 11 withXmpp: 33
2022-01-02 13:40:53,444 | INFO | Iteration: 417 downloadedApps: 382 appsWithPush: 366 withCapillary: 11 withXmpp: 33
2022-01-02 13:41:02,669 | INFO | Iteration: 418 downloadedApps: 383 appsWithPush: 367 withCapillary: 11 withXmpp: 33
2022-01-02 13:41:06,686 | INFO | Iteration: 419 downloadedApps: 384 appsWithPush: 368 withCapillary: 11 withXmpp: 33
2022-01-02 13:41:20,957 | INFO | Iteration: 420 downloadedApps: 385 appsWithPush: 369 withCapillary: 11 withXmpp: 33
2022-01-02 13:41:24,793 | INFO | Iteration: 421 downloadedApps: 386 appsWithPush: 370 withCapillary: 11 withXmpp: 33
2022-01-02 13:41:32,385 | INFO | Iteration: 422 downloadedApps: 387 appsWithPush: 371 withCapillary: 11 withXmpp: 33
2022-01-02 13:41:34,989 | INFO | Iteration: 423 downloadedApps: 388 appsWithPush: 372 withCapillary: 11 withXmpp: 33
2022-01-02 13:41:45,397 | INFO | Iteration: 424 downloadedApps: 389 appsWithPush: 373 withCapillary: 11 withXmpp: 33
2022-01-02 13:42:39,084 | INFO | Iteration: 425 downloadedApps: 390 appsWithPush: 374 withCapillary: 11 withXmpp: 33
2022-01-02 13:42:39,709 | ERROR | Failed to download com.achievemint.android
2022-01-02 13:42:43,593 | INFO | Iteration: 427 downloadedApps: 391 appsWithPush: 375 withCapillary: 11 withXmpp: 33
2022-01-02 13:42:47,170 | INFO | Iteration: 428 downloadedApps: 392 appsWithPush: 376 withCapillary: 11 withXmpp: 33
2022-01-02 13:42:51,995 | INFO | Iteration: 429 downloadedApps: 393 appsWithPush: 377 withCapillary: 11 withXmpp: 33
2022-01-02 13:43:05,603 | INFO | Iteration: 430 downloadedApps: 394 appsWithPush: 378 withCapillary: 11 withXmpp: 33
2022-01-02 13:43:12,144 | INFO | Iteration: 431 downloadedApps: 395 appsWithPush: 379 withCapillary: 11 withXmpp: 33
2022-01-02 13:43:18,997 | INFO | Iteration: 432 downloadedApps: 396 appsWithPush: 380 withCapillary: 11 withXmpp: 33
2022-01-02 13:43:22,405 | INFO | Iteration: 433 downloadedApps: 397 appsWithPush: 381 withCapillary: 11 withXmpp: 33
2022-01-02 13:43:30,176 | INFO | Iteration: 434 downloadedApps: 398 appsWithPush: 382 withCapillary: 11 withXmpp: 33
2022-01-02 13:43:30,811 | ERROR | Failed to download com.fujitsu.mobile_phone.healthcare
2022-01-02 13:43:31,229 | ERROR | Failed to download jp.co.sharp.android.karadamate
2022-01-02 13:43:34,343 | INFO | Iteration: 437 downloadedApps: 399 appsWithPush: 383 withCapillary: 11 withXmpp: 33
2022-01-02 13:43:38,572 | INFO | Iteration: 438 downloadedApps: 400 appsWithPush: 383 withCapillary: 11 withXmpp: 33
2022-01-02 13:43:41,003 | INFO | Iteration: 439 downloadedApps: 401 appsWithPush: 384 withCapillary: 11 withXmpp: 33
2022-01-02 13:43:47,509 | INFO | Iteration: 440 downloadedApps: 402 appsWithPush: 385 withCapillary: 11 withXmpp: 33
2022-01-02 13:44:01,622 | INFO | com.hansdinslage.connect.HealthForYou has capillary
2022-01-02 13:44:01,826 | INFO | Iteration: 441 downloadedApps: 403 appsWithPush: 386 withCapillary: 12 withXmpp: 33
2022-01-02 13:44:05,007 | INFO | Iteration: 442 downloadedApps: 404 appsWithPush: 386 withCapillary: 12 withXmpp: 33
2022-01-02 13:44:13,659 | INFO | Iteration: 443 downloadedApps: 405 appsWithPush: 387 withCapillary: 12 withXmpp: 33
2022-01-02 13:44:17,778 | INFO | Iteration: 444 downloadedApps: 406 appsWithPush: 388 withCapillary: 12 withXmpp: 33
2022-01-02 13:44:22,887 | INFO | Iteration: 445 downloadedApps: 407 appsWithPush: 389 withCapillary: 12 withXmpp: 33
2022-01-02 13:44:24,707 | INFO | Iteration: 446 downloadedApps: 408 appsWithPush: 390 withCapillary: 12 withXmpp: 33
2022-01-02 13:44:29,112 | INFO | com.live.work.careofself has capillary
2022-01-02 13:44:29,221 | INFO | Iteration: 447 downloadedApps: 409 appsWithPush: 391 withCapillary: 13 withXmpp: 33
2022-01-02 13:44:36,378 | INFO | Iteration: 448 downloadedApps: 410 appsWithPush: 392 withCapillary: 13 withXmpp: 33
2022-01-02 13:44:37,036 | ERROR | Failed to download com.bbros.sayup
2022-01-02 13:44:45,008 | INFO | Iteration: 450 downloadedApps: 411 appsWithPush: 392 withCapillary: 13 withXmpp: 33
2022-01-02 13:44:48,644 | INFO | Iteration: 451 downloadedApps: 412 appsWithPush: 393 withCapillary: 13 withXmpp: 33
2022-01-02 13:44:52,841 | INFO | Iteration: 452 downloadedApps: 413 appsWithPush: 394 withCapillary: 13 withXmpp: 33
2022-01-02 13:44:56,843 | INFO | Iteration: 453 downloadedApps: 414 appsWithPush: 395 withCapillary: 13 withXmpp: 33
2022-01-02 13:44:56,972 | ERROR | Failed to download com.waterbalance
2022-01-02 13:44:59,269 | INFO | Iteration: 455 downloadedApps: 415 appsWithPush: 396 withCapillary: 13 withXmpp: 33
2022-01-02 13:45:03,210 | INFO | Iteration: 456 downloadedApps: 416 appsWithPush: 397 withCapillary: 13 withXmpp: 33
2022-01-02 13:45:07,145 | INFO | Iteration: 457 downloadedApps: 417 appsWithPush: 398 withCapillary: 13 withXmpp: 33
2022-01-02 13:45:10,591 | INFO | Iteration: 458 downloadedApps: 418 appsWithPush: 399 withCapillary: 13 withXmpp: 33
2022-01-02 13:45:10,751 | ERROR | Failed to download com.smartalarm.sleeptic
2022-01-02 13:45:56,701 | INFO | com.companyname.massagevibratorforwomen has xmpp
2022-01-02 13:45:56,734 | INFO | Iteration: 460 downloadedApps: 419 appsWithPush: 400 withCapillary: 13 withXmpp: 34
2022-01-02 13:46:11,709 | INFO | Iteration: 461 downloadedApps: 420 appsWithPush: 401 withCapillary: 13 withXmpp: 34
2022-01-02 13:46:12,859 | INFO | Iteration: 462 downloadedApps: 421 appsWithPush: 401 withCapillary: 13 withXmpp: 34
2022-01-02 13:46:16,423 | INFO | Iteration: 463 downloadedApps: 422 appsWithPush: 402 withCapillary: 13 withXmpp: 34
2022-01-02 13:46:18,879 | INFO | Iteration: 464 downloadedApps: 423 appsWithPush: 403 withCapillary: 13 withXmpp: 34
2022-01-02 13:46:21,303 | INFO | Iteration: 465 downloadedApps: 424 appsWithPush: 404 withCapillary: 13 withXmpp: 34
2022-01-02 13:46:33,870 | INFO | Iteration: 466 downloadedApps: 425 appsWithPush: 405 withCapillary: 13 withXmpp: 34
2022-01-02 13:47:07,487 | INFO | Iteration: 467 downloadedApps: 426 appsWithPush: 406 withCapillary: 13 withXmpp: 34
2022-01-02 13:47:23,985 | INFO | Iteration: 468 downloadedApps: 427 appsWithPush: 407 withCapillary: 13 withXmpp: 34
2022-01-02 13:47:28,723 | INFO | Iteration: 469 downloadedApps: 428 appsWithPush: 408 withCapillary: 13 withXmpp: 34
2022-01-02 13:47:28,847 | ERROR | Failed to download com.minhphan.android.seven
2022-01-02 13:47:31,115 | INFO | Iteration: 471 downloadedApps: 429 appsWithPush: 409 withCapillary: 13 withXmpp: 34
2022-01-02 13:47:52,532 | INFO | com.vtrostudio.body_massager has xmpp
2022-01-02 13:47:52,561 | INFO | Iteration: 472 downloadedApps: 430 appsWithPush: 410 withCapillary: 13 withXmpp: 35
2022-01-02 13:48:01,797 | INFO | Iteration: 473 downloadedApps: 431 appsWithPush: 411 withCapillary: 13 withXmpp: 35
2022-01-02 13:48:50,883 | INFO | Iteration: 474 downloadedApps: 432 appsWithPush: 412 withCapillary: 13 withXmpp: 35
2022-01-02 13:48:54,621 | INFO | Iteration: 475 downloadedApps: 433 appsWithPush: 413 withCapillary: 13 withXmpp: 35
2022-01-02 13:48:58,186 | INFO | Iteration: 476 downloadedApps: 434 appsWithPush: 414 withCapillary: 13 withXmpp: 35
2022-01-02 13:49:01,945 | INFO | Iteration: 477 downloadedApps: 435 appsWithPush: 415 withCapillary: 13 withXmpp: 35
2022-01-02 13:49:02,120 | ERROR | Failed to download com.nosotrasonline.micalendiario
2022-01-02 13:49:06,560 | INFO | Iteration: 479 downloadedApps: 436 appsWithPush: 416 withCapillary: 13 withXmpp: 35
2022-01-02 13:49:07,196 | ERROR | Failed to download com.planetfitness
2022-01-02 13:49:09,760 | INFO | Iteration: 481 downloadedApps: 437 appsWithPush: 417 withCapillary: 13 withXmpp: 35
2022-01-02 13:49:15,279 | INFO | Iteration: 482 downloadedApps: 438 appsWithPush: 418 withCapillary: 13 withXmpp: 35
2022-01-02 13:49:20,559 | INFO | Iteration: 483 downloadedApps: 439 appsWithPush: 419 withCapillary: 13 withXmpp: 35
2022-01-02 13:49:21,163 | ERROR | Failed to download com.prudential.pulse.onepulse
2022-01-02 13:49:31,169 | INFO | Iteration: 485 downloadedApps: 440 appsWithPush: 420 withCapillary: 13 withXmpp: 35
2022-01-02 13:49:36,218 | INFO | Iteration: 486 downloadedApps: 441 appsWithPush: 421 withCapillary: 13 withXmpp: 35
2022-01-02 13:49:50,226 | INFO | Iteration: 487 downloadedApps: 442 appsWithPush: 422 withCapillary: 13 withXmpp: 35
2022-01-02 13:49:53,879 | INFO | Iteration: 488 downloadedApps: 443 appsWithPush: 423 withCapillary: 13 withXmpp: 35
2022-01-02 13:49:54,470 | ERROR | Failed to download br.com.drogasil
2022-01-02 13:50:01,423 | INFO | Iteration: 490 downloadedApps: 444 appsWithPush: 424 withCapillary: 13 withXmpp: 35
2022-01-02 13:50:07,163 | INFO | Iteration: 491 downloadedApps: 445 appsWithPush: 425 withCapillary: 13 withXmpp: 35
2022-01-02 13:50:09,318 | INFO | Iteration: 492 downloadedApps: 446 appsWithPush: 425 withCapillary: 13 withXmpp: 35
2022-01-02 13:50:20,739 | INFO | Iteration: 493 downloadedApps: 447 appsWithPush: 425 withCapillary: 13 withXmpp: 35
2022-01-02 13:50:26,604 | INFO | Iteration: 494 downloadedApps: 448 appsWithPush: 426 withCapillary: 13 withXmpp: 35
2022-01-02 13:51:27,927 | ERROR | Failed to download nl.deckeron.apps.innerfire
2022-01-02 13:51:34,526 | INFO | Iteration: 496 downloadedApps: 449 appsWithPush: 427 withCapillary: 13 withXmpp: 35
2022-01-02 13:51:44,462 | INFO | Iteration: 497 downloadedApps: 450 appsWithPush: 428 withCapillary: 13 withXmpp: 35
2022-01-02 13:51:53,504 | INFO | Iteration: 498 downloadedApps: 451 appsWithPush: 429 withCapillary: 13 withXmpp: 35
2022-01-02 13:51:59,617 | INFO | Iteration: 499 downloadedApps: 452 appsWithPush: 430 withCapillary: 13 withXmpp: 35
2022-01-02 13:52:00,233 | ERROR | Failed to download com.aia.vitality.kr
2022-01-02 13:52:02,649 | INFO | Iteration: 501 downloadedApps: 453 appsWithPush: 431 withCapillary: 13 withXmpp: 35
