\BOOKMARK [1][-]{section*.1}{\376\377\000A\000b\000s\000t\000r\000a\000c\000t}{}% 1
\BOOKMARK [1][-]{section.1}{\376\377\0001\000\040\000I\000n\000t\000r\000o\000d\000u\000c\000t\000i\000o\000n}{}% 2
\BOOKMARK [1][-]{section.2}{\376\377\0002\000\040\000G\000r\000u\000n\000d\000l\000a\000g\000e\000n\000\040\000v\000o\000n\000\040\000P\000u\000s\000h\000-\000B\000e\000n\000a\000c\000h\000r\000i\000c\000h\000t\000i\000g\000u\000n\000g\000e\000n}{}% 3
\BOOKMARK [2][-]{subsection.2.1}{\376\377\0002\000.\0001\000\040\000W\000a\000s\000\040\000i\000s\000t\000\040\000F\000i\000r\000e\000b\000a\000s\000e\000?}{section.2}% 4
\BOOKMARK [2][-]{subsection.2.2}{\376\377\0002\000.\0002\000\040\000T\000y\000p\000i\000s\000c\000h\000e\000r\000\040\000P\000u\000s\000h\000-\000N\000o\000t\000i\000f\000i\000c\000a\000t\000i\000o\000n\000-\000F\000l\000o\000w}{section.2}% 5
\BOOKMARK [2][-]{subsection.2.3}{\376\377\0002\000.\0003\000\040\000F\000C\000M\000\040\000f\000\374\000r\000\040\000A\000n\000d\000r\000o\000i\000d}{section.2}% 6
\BOOKMARK [2][-]{subsection.2.4}{\376\377\0002\000.\0004\000\040\000P\000u\000s\000h\000-\000N\000o\000t\000i\000f\000i\000c\000a\000t\000i\000o\000n\000s\000\040\000f\000\374\000r\000\040\000A\000p\000p\000l\000e}{section.2}% 7
\BOOKMARK [2][-]{subsection.2.5}{\376\377\0002\000.\0005\000\040\000G\000r\000u\000n\000d\000l\000a\000g\000e\000n\000\040\000z\000u\000\040\000u\000n\000s\000i\000c\000h\000e\000r\000e\000n\000\040\000P\000u\000s\000h\000-\000N\000o\000t\000i\000f\000i\000c\000a\000t\000i\000o\000n\000s}{section.2}% 8
\BOOKMARK [1][-]{section.3}{\376\377\0003\000\040\000S\000i\000c\000h\000e\000r\000e\000\040\000P\000u\000s\000h\000-\000N\000o\000t\000i\000f\000i\000c\000a\000t\000i\000o\000n\000s}{}% 9
\BOOKMARK [2][-]{subsection.3.1}{\376\377\0003\000.\0001\000\040\000G\000r\000u\000n\000d\000l\000a\000g\000e\000n\000\040\000v\000o\000n\000\040\000s\000i\000c\000h\000e\000r\000e\000n\000\040\000P\000u\000s\000h\000\040\000N\000o\000t\000i\000f\000i\000c\000a\000t\000i\000o\000n\000s}{section.3}% 10
\BOOKMARK [2][-]{subsection.3.2}{\376\377\0003\000.\0002\000\040\000B\000e\000i\000s\000p\000i\000e\000l\000\040\000e\000i\000n\000e\000s\000\040\000s\000i\000c\000h\000e\000r\000e\000n\000\040\000N\000o\000t\000i\000f\000i\000c\000a\000t\000i\000o\000n\000\040\000F\000l\000o\000w}{section.3}% 11
\BOOKMARK [2][-]{subsection.3.3}{\376\377\0003\000.\0003\000\040\000U\000m\000s\000e\000t\000z\000u\000n\000g\000\040\000i\000n\000\040\000O\000p\000e\000n\000\040\000S\000o\000u\000r\000c\000e\000\040\000P\000r\000o\000j\000e\000k\000t\000e\000n}{section.3}% 12
\BOOKMARK [1][-]{section.4}{\376\377\0004\000\040\000P\000r\000o\000t\000o\000t\000y\000p}{}% 13
\BOOKMARK [2][-]{subsection.4.1}{\376\377\0004\000.\0001\000\040\000T\000O\000D\000O}{section.4}% 14
\BOOKMARK [2][-]{subsection.4.2}{\376\377\0004\000.\0002\000\040\000T\000O\000D\000O}{section.4}% 15
\BOOKMARK [2][-]{subsection.4.3}{\376\377\0004\000.\0003\000\040\000T\000O\000D\000O}{section.4}% 16
\BOOKMARK [1][-]{section*.6}{\376\377\000A\000c\000k\000n\000o\000w\000l\000e\000d\000g\000m\000e\000n\000t\000s}{}% 17
\BOOKMARK [1][-]{section*.8}{\376\377\000R\000e\000f\000e\000r\000e\000n\000c\000e\000s}{}% 18
\BOOKMARK [1][-]{appendix.A}{\376\377\000A\000\040\000R\000e\000s\000e\000a\000r\000c\000h\000\040\000M\000e\000t\000h\000o\000d\000s}{}% 19
\BOOKMARK [2][-]{subsection.A.1}{\376\377\000A\000.\0001\000\040\000P\000a\000r\000t\000\040\000O\000n\000e}{appendix.A}% 20
\BOOKMARK [2][-]{subsection.A.2}{\376\377\000A\000.\0002\000\040\000P\000a\000r\000t\000\040\000T\000w\000o}{appendix.A}% 21
\BOOKMARK [1][-]{appendix.B}{\376\377\000B\000\040\000O\000n\000l\000i\000n\000e\000\040\000R\000e\000s\000o\000u\000r\000c\000e\000s}{}% 22
